mode: set
avito-backend-bootcamp/internal/http/handlers/error.go:17.76,25.2 3 0
avito-backend-bootcamp/internal/http/handlers/create-flat/handler.go:37.100,38.54 1 0
avito-backend-bootcamp/internal/http/handlers/create-flat/handler.go:38.54,48.17 5 0
avito-backend-bootcamp/internal/http/handlers/create-flat/handler.go:48.17,53.4 4 0
avito-backend-bootcamp/internal/http/handlers/create-flat/handler.go:56.3,57.17 2 0
avito-backend-bootcamp/internal/http/handlers/create-flat/handler.go:57.17,63.4 5 0
avito-backend-bootcamp/internal/http/handlers/create-flat/handler.go:66.3,67.17 2 0
avito-backend-bootcamp/internal/http/handlers/create-flat/handler.go:67.17,71.4 3 0
avito-backend-bootcamp/internal/http/handlers/create-flat/handler.go:74.3,82.5 3 0
avito-backend-bootcamp/internal/http/middleware/auth.go:11.76,13.2 1 0
avito-backend-bootcamp/internal/http/middleware/auth.go:16.84,18.2 1 0
avito-backend-bootcamp/internal/http/middleware/auth.go:21.109,22.46 1 0
avito-backend-bootcamp/internal/http/middleware/auth.go:22.46,23.72 1 0
avito-backend-bootcamp/internal/http/middleware/auth.go:23.72,26.18 2 0
avito-backend-bootcamp/internal/http/middleware/auth.go:26.18,29.5 2 0
avito-backend-bootcamp/internal/http/middleware/auth.go:32.4,33.18 2 0
avito-backend-bootcamp/internal/http/middleware/auth.go:33.18,36.5 2 0
avito-backend-bootcamp/internal/http/middleware/auth.go:39.4,40.18 2 0
avito-backend-bootcamp/internal/http/middleware/auth.go:40.18,43.5 2 0
avito-backend-bootcamp/internal/http/middleware/auth.go:46.4,47.45 2 0
avito-backend-bootcamp/internal/http/middleware/auth.go:47.45,50.5 2 0
avito-backend-bootcamp/internal/http/middleware/auth.go:53.4,54.41 2 0
avito-backend-bootcamp/internal/http/middleware/auth.go:60.58,61.22 1 0
avito-backend-bootcamp/internal/http/middleware/auth.go:61.22,62.13 1 0
avito-backend-bootcamp/internal/http/middleware/auth.go:62.13,64.4 1 0
avito-backend-bootcamp/internal/http/middleware/auth.go:66.2,66.14 1 0
avito-backend-bootcamp/internal/http/middleware/request_id.go:14.48,15.71 1 0
avito-backend-bootcamp/internal/http/middleware/request_id.go:15.71,20.3 4 0
avito-backend-bootcamp/internal/model/enum.go:20.54,23.13 2 0
avito-backend-bootcamp/internal/model/enum.go:24.29,25.21 1 0
avito-backend-bootcamp/internal/model/enum.go:26.30,27.22 1 0
avito-backend-bootcamp/internal/model/enum.go:28.30,29.22 1 0
avito-backend-bootcamp/internal/model/enum.go:30.34,31.26 1 0
avito-backend-bootcamp/internal/model/enum.go:32.10,33.67 1 0
avito-backend-bootcamp/internal/model/enum.go:36.2,36.16 1 0
avito-backend-bootcamp/internal/model/enum.go:39.53,41.9 2 0
avito-backend-bootcamp/internal/model/enum.go:41.9,43.3 1 0
avito-backend-bootcamp/internal/model/enum.go:45.2,46.16 2 0
avito-backend-bootcamp/internal/model/enum.go:46.16,48.3 1 0
avito-backend-bootcamp/internal/model/enum.go:50.2,51.12 2 0
avito-backend-bootcamp/internal/model/enum.go:54.52,56.2 1 0
avito-backend-bootcamp/internal/model/enum.go:67.45,69.16 2 0
avito-backend-bootcamp/internal/model/enum.go:69.16,70.13 1 0
avito-backend-bootcamp/internal/model/enum.go:72.2,72.15 1 0
avito-backend-bootcamp/internal/model/enum.go:75.50,78.13 2 0
avito-backend-bootcamp/internal/model/enum.go:79.25,80.17 1 0
avito-backend-bootcamp/internal/model/enum.go:81.22,82.14 1 0
avito-backend-bootcamp/internal/model/enum.go:83.10,84.67 1 0
avito-backend-bootcamp/internal/model/enum.go:87.2,87.16 1 0
avito-backend-bootcamp/internal/model/enum.go:90.51,92.9 2 0
avito-backend-bootcamp/internal/model/enum.go:92.9,94.3 1 0
avito-backend-bootcamp/internal/model/enum.go:96.2,97.16 2 0
avito-backend-bootcamp/internal/model/enum.go:97.16,99.3 1 0
avito-backend-bootcamp/internal/model/enum.go:101.2,102.12 2 0
avito-backend-bootcamp/internal/model/enum.go:105.50,107.2 1 0
avito-backend-bootcamp/internal/model/enum.go:117.52,120.13 2 0
avito-backend-bootcamp/internal/model/enum.go:121.28,122.20 1 0
avito-backend-bootcamp/internal/model/enum.go:123.10,124.67 1 0
avito-backend-bootcamp/internal/model/enum.go:127.2,127.16 1 0
avito-backend-bootcamp/internal/model/enum.go:130.52,132.9 2 0
avito-backend-bootcamp/internal/model/enum.go:132.9,134.3 1 0
avito-backend-bootcamp/internal/model/enum.go:136.2,137.16 2 0
avito-backend-bootcamp/internal/model/enum.go:137.16,139.3 1 0
avito-backend-bootcamp/internal/model/enum.go:141.2,142.12 2 0
avito-backend-bootcamp/internal/model/enum.go:145.51,147.2 1 0
avito-backend-bootcamp/internal/model/flat.go:18.32,19.36 1 0
avito-backend-bootcamp/internal/model/flat.go:19.36,21.3 1 0
avito-backend-bootcamp/internal/model/flat.go:22.2,23.12 2 0
avito-backend-bootcamp/internal/model/flat.go:26.32,27.36 1 0
avito-backend-bootcamp/internal/model/flat.go:27.36,29.3 1 0
avito-backend-bootcamp/internal/model/flat.go:30.2,31.12 2 0
avito-backend-bootcamp/internal/model/flat.go:34.40,35.31 1 0
avito-backend-bootcamp/internal/model/flat.go:35.31,37.3 1 0
avito-backend-bootcamp/internal/model/flat.go:38.2,39.12 2 0
avito-backend-bootcamp/pkg/utils/response/error.go:7.40,11.2 1 0
avito-backend-bootcamp/pkg/utils/sl/error.go:7.31,12.2 1 0
avito-backend-bootcamp/internal/http/handlers/error.go:17.76,25.2 3 0
avito-backend-bootcamp/internal/http/handlers/create-house/handler.go:40.102,41.54 1 0
avito-backend-bootcamp/internal/http/handlers/create-house/handler.go:41.54,51.17 5 0
avito-backend-bootcamp/internal/http/handlers/create-house/handler.go:51.17,56.4 4 0
avito-backend-bootcamp/internal/http/handlers/create-house/handler.go:59.3,60.17 2 0
avito-backend-bootcamp/internal/http/handlers/create-house/handler.go:60.17,66.4 5 0
avito-backend-bootcamp/internal/http/handlers/create-house/handler.go:69.3,70.17 2 0
avito-backend-bootcamp/internal/http/handlers/create-house/handler.go:70.17,74.4 3 0
avito-backend-bootcamp/internal/http/handlers/create-house/handler.go:77.3,86.5 3 0
avito-backend-bootcamp/internal/http/middleware/auth.go:11.76,13.2 1 0
avito-backend-bootcamp/internal/http/middleware/auth.go:16.84,18.2 1 0
avito-backend-bootcamp/internal/http/middleware/auth.go:21.109,22.46 1 0
avito-backend-bootcamp/internal/http/middleware/auth.go:22.46,23.72 1 0
avito-backend-bootcamp/internal/http/middleware/auth.go:23.72,26.18 2 0
avito-backend-bootcamp/internal/http/middleware/auth.go:26.18,29.5 2 0
avito-backend-bootcamp/internal/http/middleware/auth.go:32.4,33.18 2 0
avito-backend-bootcamp/internal/http/middleware/auth.go:33.18,36.5 2 0
avito-backend-bootcamp/internal/http/middleware/auth.go:39.4,40.18 2 0
avito-backend-bootcamp/internal/http/middleware/auth.go:40.18,43.5 2 0
avito-backend-bootcamp/internal/http/middleware/auth.go:46.4,47.45 2 0
avito-backend-bootcamp/internal/http/middleware/auth.go:47.45,50.5 2 0
avito-backend-bootcamp/internal/http/middleware/auth.go:53.4,54.41 2 0
avito-backend-bootcamp/internal/http/middleware/auth.go:60.58,61.22 1 0
avito-backend-bootcamp/internal/http/middleware/auth.go:61.22,62.13 1 0
avito-backend-bootcamp/internal/http/middleware/auth.go:62.13,64.4 1 0
avito-backend-bootcamp/internal/http/middleware/auth.go:66.2,66.14 1 0
avito-backend-bootcamp/internal/http/middleware/request_id.go:14.48,15.71 1 0
avito-backend-bootcamp/internal/http/middleware/request_id.go:15.71,20.3 4 0
avito-backend-bootcamp/internal/model/enum.go:20.54,23.13 2 0
avito-backend-bootcamp/internal/model/enum.go:24.29,25.21 1 0
avito-backend-bootcamp/internal/model/enum.go:26.30,27.22 1 0
avito-backend-bootcamp/internal/model/enum.go:28.30,29.22 1 0
avito-backend-bootcamp/internal/model/enum.go:30.34,31.26 1 0
avito-backend-bootcamp/internal/model/enum.go:32.10,33.67 1 0
avito-backend-bootcamp/internal/model/enum.go:36.2,36.16 1 0
avito-backend-bootcamp/internal/model/enum.go:39.53,41.9 2 0
avito-backend-bootcamp/internal/model/enum.go:41.9,43.3 1 0
avito-backend-bootcamp/internal/model/enum.go:45.2,46.16 2 0
avito-backend-bootcamp/internal/model/enum.go:46.16,48.3 1 0
avito-backend-bootcamp/internal/model/enum.go:50.2,51.12 2 0
avito-backend-bootcamp/internal/model/enum.go:54.52,56.2 1 0
avito-backend-bootcamp/internal/model/enum.go:67.45,69.16 2 0
avito-backend-bootcamp/internal/model/enum.go:69.16,70.13 1 0
avito-backend-bootcamp/internal/model/enum.go:72.2,72.15 1 0
avito-backend-bootcamp/internal/model/enum.go:75.50,78.13 2 0
avito-backend-bootcamp/internal/model/enum.go:79.25,80.17 1 0
avito-backend-bootcamp/internal/model/enum.go:81.22,82.14 1 0
avito-backend-bootcamp/internal/model/enum.go:83.10,84.67 1 0
avito-backend-bootcamp/internal/model/enum.go:87.2,87.16 1 0
avito-backend-bootcamp/internal/model/enum.go:90.51,92.9 2 0
avito-backend-bootcamp/internal/model/enum.go:92.9,94.3 1 0
avito-backend-bootcamp/internal/model/enum.go:96.2,97.16 2 0
avito-backend-bootcamp/internal/model/enum.go:97.16,99.3 1 0
avito-backend-bootcamp/internal/model/enum.go:101.2,102.12 2 0
avito-backend-bootcamp/internal/model/enum.go:105.50,107.2 1 0
avito-backend-bootcamp/internal/model/enum.go:117.52,120.13 2 0
avito-backend-bootcamp/internal/model/enum.go:121.28,122.20 1 0
avito-backend-bootcamp/internal/model/enum.go:123.10,124.67 1 0
avito-backend-bootcamp/internal/model/enum.go:127.2,127.16 1 0
avito-backend-bootcamp/internal/model/enum.go:130.52,132.9 2 0
avito-backend-bootcamp/internal/model/enum.go:132.9,134.3 1 0
avito-backend-bootcamp/internal/model/enum.go:136.2,137.16 2 0
avito-backend-bootcamp/internal/model/enum.go:137.16,139.3 1 0
avito-backend-bootcamp/internal/model/enum.go:141.2,142.12 2 0
avito-backend-bootcamp/internal/model/enum.go:145.51,147.2 1 0
avito-backend-bootcamp/internal/model/flat.go:18.32,19.36 1 0
avito-backend-bootcamp/internal/model/flat.go:19.36,21.3 1 0
avito-backend-bootcamp/internal/model/flat.go:22.2,23.12 2 0
avito-backend-bootcamp/internal/model/flat.go:26.32,27.36 1 0
avito-backend-bootcamp/internal/model/flat.go:27.36,29.3 1 0
avito-backend-bootcamp/internal/model/flat.go:30.2,31.12 2 0
avito-backend-bootcamp/internal/model/flat.go:34.40,35.31 1 0
avito-backend-bootcamp/internal/model/flat.go:35.31,37.3 1 0
avito-backend-bootcamp/internal/model/flat.go:38.2,39.12 2 0
avito-backend-bootcamp/pkg/utils/db/build_dsn.go:5.69,7.2 1 0
avito-backend-bootcamp/pkg/utils/db/null_string.go:5.45,6.17 1 0
avito-backend-bootcamp/pkg/utils/db/null_string.go:6.17,8.3 1 0
avito-backend-bootcamp/pkg/utils/db/null_string.go:9.2,12.3 1 0
avito-backend-bootcamp/pkg/utils/db/null_string.go:15.47,16.14 1 0
avito-backend-bootcamp/pkg/utils/db/null_string.go:16.14,18.3 1 0
avito-backend-bootcamp/pkg/utils/db/null_string.go:19.2,19.18 1 0
avito-backend-bootcamp/pkg/utils/response/error.go:7.40,11.2 1 0
avito-backend-bootcamp/pkg/utils/sl/error.go:7.31,12.2 1 0
avito-backend-bootcamp/internal/http/handlers/error.go:17.76,25.2 3 0
avito-backend-bootcamp/internal/http/handlers/get-house/handler.go:27.70,28.54 1 0
avito-backend-bootcamp/internal/http/handlers/get-house/handler.go:28.54,38.17 5 0
avito-backend-bootcamp/internal/http/handlers/get-house/handler.go:38.17,43.4 4 0
avito-backend-bootcamp/internal/http/handlers/get-house/handler.go:46.3,51.17 4 0
avito-backend-bootcamp/internal/http/handlers/get-house/handler.go:51.17,55.4 3 0
avito-backend-bootcamp/internal/http/handlers/get-house/handler.go:58.3,62.5 3 0
avito-backend-bootcamp/internal/http/middleware/auth.go:11.76,13.2 1 0
avito-backend-bootcamp/internal/http/middleware/auth.go:16.84,18.2 1 0
avito-backend-bootcamp/internal/http/middleware/auth.go:21.109,22.46 1 0
avito-backend-bootcamp/internal/http/middleware/auth.go:22.46,23.72 1 0
avito-backend-bootcamp/internal/http/middleware/auth.go:23.72,26.18 2 0
avito-backend-bootcamp/internal/http/middleware/auth.go:26.18,29.5 2 0
avito-backend-bootcamp/internal/http/middleware/auth.go:32.4,33.18 2 0
avito-backend-bootcamp/internal/http/middleware/auth.go:33.18,36.5 2 0
avito-backend-bootcamp/internal/http/middleware/auth.go:39.4,40.18 2 0
avito-backend-bootcamp/internal/http/middleware/auth.go:40.18,43.5 2 0
avito-backend-bootcamp/internal/http/middleware/auth.go:46.4,47.45 2 0
avito-backend-bootcamp/internal/http/middleware/auth.go:47.45,50.5 2 0
avito-backend-bootcamp/internal/http/middleware/auth.go:53.4,54.41 2 0
avito-backend-bootcamp/internal/http/middleware/auth.go:60.58,61.22 1 0
avito-backend-bootcamp/internal/http/middleware/auth.go:61.22,62.13 1 0
avito-backend-bootcamp/internal/http/middleware/auth.go:62.13,64.4 1 0
avito-backend-bootcamp/internal/http/middleware/auth.go:66.2,66.14 1 0
avito-backend-bootcamp/internal/http/middleware/request_id.go:14.48,15.71 1 0
avito-backend-bootcamp/internal/http/middleware/request_id.go:15.71,20.3 4 0
avito-backend-bootcamp/internal/model/enum.go:20.54,23.13 2 0
avito-backend-bootcamp/internal/model/enum.go:24.29,25.21 1 0
avito-backend-bootcamp/internal/model/enum.go:26.30,27.22 1 0
avito-backend-bootcamp/internal/model/enum.go:28.30,29.22 1 0
avito-backend-bootcamp/internal/model/enum.go:30.34,31.26 1 0
avito-backend-bootcamp/internal/model/enum.go:32.10,33.67 1 0
avito-backend-bootcamp/internal/model/enum.go:36.2,36.16 1 0
avito-backend-bootcamp/internal/model/enum.go:39.53,41.9 2 0
avito-backend-bootcamp/internal/model/enum.go:41.9,43.3 1 0
avito-backend-bootcamp/internal/model/enum.go:45.2,46.16 2 0
avito-backend-bootcamp/internal/model/enum.go:46.16,48.3 1 0
avito-backend-bootcamp/internal/model/enum.go:50.2,51.12 2 0
avito-backend-bootcamp/internal/model/enum.go:54.52,56.2 1 0
avito-backend-bootcamp/internal/model/enum.go:67.45,69.16 2 0
avito-backend-bootcamp/internal/model/enum.go:69.16,70.13 1 0
avito-backend-bootcamp/internal/model/enum.go:72.2,72.15 1 0
avito-backend-bootcamp/internal/model/enum.go:75.50,78.13 2 0
avito-backend-bootcamp/internal/model/enum.go:79.25,80.17 1 0
avito-backend-bootcamp/internal/model/enum.go:81.22,82.14 1 0
avito-backend-bootcamp/internal/model/enum.go:83.10,84.67 1 0
avito-backend-bootcamp/internal/model/enum.go:87.2,87.16 1 0
avito-backend-bootcamp/internal/model/enum.go:90.51,92.9 2 0
avito-backend-bootcamp/internal/model/enum.go:92.9,94.3 1 0
avito-backend-bootcamp/internal/model/enum.go:96.2,97.16 2 0
avito-backend-bootcamp/internal/model/enum.go:97.16,99.3 1 0
avito-backend-bootcamp/internal/model/enum.go:101.2,102.12 2 0
avito-backend-bootcamp/internal/model/enum.go:105.50,107.2 1 0
avito-backend-bootcamp/internal/model/enum.go:117.52,120.13 2 0
avito-backend-bootcamp/internal/model/enum.go:121.28,122.20 1 0
avito-backend-bootcamp/internal/model/enum.go:123.10,124.67 1 0
avito-backend-bootcamp/internal/model/enum.go:127.2,127.16 1 0
avito-backend-bootcamp/internal/model/enum.go:130.52,132.9 2 0
avito-backend-bootcamp/internal/model/enum.go:132.9,134.3 1 0
avito-backend-bootcamp/internal/model/enum.go:136.2,137.16 2 0
avito-backend-bootcamp/internal/model/enum.go:137.16,139.3 1 0
avito-backend-bootcamp/internal/model/enum.go:141.2,142.12 2 0
avito-backend-bootcamp/internal/model/enum.go:145.51,147.2 1 0
avito-backend-bootcamp/internal/model/flat.go:18.32,19.36 1 0
avito-backend-bootcamp/internal/model/flat.go:19.36,21.3 1 0
avito-backend-bootcamp/internal/model/flat.go:22.2,23.12 2 0
avito-backend-bootcamp/internal/model/flat.go:26.32,27.36 1 0
avito-backend-bootcamp/internal/model/flat.go:27.36,29.3 1 0
avito-backend-bootcamp/internal/model/flat.go:30.2,31.12 2 0
avito-backend-bootcamp/internal/model/flat.go:34.40,35.31 1 0
avito-backend-bootcamp/internal/model/flat.go:35.31,37.3 1 0
avito-backend-bootcamp/internal/model/flat.go:38.2,39.12 2 0
avito-backend-bootcamp/pkg/utils/response/error.go:7.40,11.2 1 0
avito-backend-bootcamp/pkg/utils/sl/error.go:7.31,12.2 1 0
avito-backend-bootcamp/internal/http/handlers/error.go:17.76,25.2 3 0
avito-backend-bootcamp/internal/http/handlers/update-flat/handler.go:35.100,36.54 1 0
avito-backend-bootcamp/internal/http/handlers/update-flat/handler.go:36.54,46.17 5 0
avito-backend-bootcamp/internal/http/handlers/update-flat/handler.go:46.17,51.4 4 0
avito-backend-bootcamp/internal/http/handlers/update-flat/handler.go:54.3,55.17 2 0
avito-backend-bootcamp/internal/http/handlers/update-flat/handler.go:55.17,61.4 5 0
avito-backend-bootcamp/internal/http/handlers/update-flat/handler.go:64.3,65.17 2 0
avito-backend-bootcamp/internal/http/handlers/update-flat/handler.go:65.17,70.4 4 0
avito-backend-bootcamp/internal/http/handlers/update-flat/handler.go:73.3,74.17 2 0
avito-backend-bootcamp/internal/http/handlers/update-flat/handler.go:74.17,78.4 3 0
avito-backend-bootcamp/internal/http/handlers/update-flat/handler.go:81.3,89.5 3 0
avito-backend-bootcamp/internal/http/middleware/auth.go:11.76,13.2 1 0
avito-backend-bootcamp/internal/http/middleware/auth.go:16.84,18.2 1 0
avito-backend-bootcamp/internal/http/middleware/auth.go:21.109,22.46 1 0
avito-backend-bootcamp/internal/http/middleware/auth.go:22.46,23.72 1 0
avito-backend-bootcamp/internal/http/middleware/auth.go:23.72,26.18 2 0
avito-backend-bootcamp/internal/http/middleware/auth.go:26.18,29.5 2 0
avito-backend-bootcamp/internal/http/middleware/auth.go:32.4,33.18 2 0
avito-backend-bootcamp/internal/http/middleware/auth.go:33.18,36.5 2 0
avito-backend-bootcamp/internal/http/middleware/auth.go:39.4,40.18 2 0
avito-backend-bootcamp/internal/http/middleware/auth.go:40.18,43.5 2 0
avito-backend-bootcamp/internal/http/middleware/auth.go:46.4,47.45 2 0
avito-backend-bootcamp/internal/http/middleware/auth.go:47.45,50.5 2 0
avito-backend-bootcamp/internal/http/middleware/auth.go:53.4,54.41 2 0
avito-backend-bootcamp/internal/http/middleware/auth.go:60.58,61.22 1 0
avito-backend-bootcamp/internal/http/middleware/auth.go:61.22,62.13 1 0
avito-backend-bootcamp/internal/http/middleware/auth.go:62.13,64.4 1 0
avito-backend-bootcamp/internal/http/middleware/auth.go:66.2,66.14 1 0
avito-backend-bootcamp/internal/http/middleware/request_id.go:14.48,15.71 1 0
avito-backend-bootcamp/internal/http/middleware/request_id.go:15.71,20.3 4 0
avito-backend-bootcamp/internal/model/enum.go:20.54,23.13 2 0
avito-backend-bootcamp/internal/model/enum.go:24.29,25.21 1 0
avito-backend-bootcamp/internal/model/enum.go:26.30,27.22 1 0
avito-backend-bootcamp/internal/model/enum.go:28.30,29.22 1 0
avito-backend-bootcamp/internal/model/enum.go:30.34,31.26 1 0
avito-backend-bootcamp/internal/model/enum.go:32.10,33.67 1 0
avito-backend-bootcamp/internal/model/enum.go:36.2,36.16 1 0
avito-backend-bootcamp/internal/model/enum.go:39.53,41.9 2 0
avito-backend-bootcamp/internal/model/enum.go:41.9,43.3 1 0
avito-backend-bootcamp/internal/model/enum.go:45.2,46.16 2 0
avito-backend-bootcamp/internal/model/enum.go:46.16,48.3 1 0
avito-backend-bootcamp/internal/model/enum.go:50.2,51.12 2 0
avito-backend-bootcamp/internal/model/enum.go:54.52,56.2 1 0
avito-backend-bootcamp/internal/model/enum.go:67.45,69.16 2 0
avito-backend-bootcamp/internal/model/enum.go:69.16,70.13 1 0
avito-backend-bootcamp/internal/model/enum.go:72.2,72.15 1 0
avito-backend-bootcamp/internal/model/enum.go:75.50,78.13 2 0
avito-backend-bootcamp/internal/model/enum.go:79.25,80.17 1 0
avito-backend-bootcamp/internal/model/enum.go:81.22,82.14 1 0
avito-backend-bootcamp/internal/model/enum.go:83.10,84.67 1 0
avito-backend-bootcamp/internal/model/enum.go:87.2,87.16 1 0
avito-backend-bootcamp/internal/model/enum.go:90.51,92.9 2 0
avito-backend-bootcamp/internal/model/enum.go:92.9,94.3 1 0
avito-backend-bootcamp/internal/model/enum.go:96.2,97.16 2 0
avito-backend-bootcamp/internal/model/enum.go:97.16,99.3 1 0
avito-backend-bootcamp/internal/model/enum.go:101.2,102.12 2 0
avito-backend-bootcamp/internal/model/enum.go:105.50,107.2 1 0
avito-backend-bootcamp/internal/model/enum.go:117.52,120.13 2 0
avito-backend-bootcamp/internal/model/enum.go:121.28,122.20 1 0
avito-backend-bootcamp/internal/model/enum.go:123.10,124.67 1 0
avito-backend-bootcamp/internal/model/enum.go:127.2,127.16 1 0
avito-backend-bootcamp/internal/model/enum.go:130.52,132.9 2 0
avito-backend-bootcamp/internal/model/enum.go:132.9,134.3 1 0
avito-backend-bootcamp/internal/model/enum.go:136.2,137.16 2 0
avito-backend-bootcamp/internal/model/enum.go:137.16,139.3 1 0
avito-backend-bootcamp/internal/model/enum.go:141.2,142.12 2 0
avito-backend-bootcamp/internal/model/enum.go:145.51,147.2 1 0
avito-backend-bootcamp/internal/model/flat.go:18.32,19.36 1 0
avito-backend-bootcamp/internal/model/flat.go:19.36,21.3 1 0
avito-backend-bootcamp/internal/model/flat.go:22.2,23.12 2 0
avito-backend-bootcamp/internal/model/flat.go:26.32,27.36 1 0
avito-backend-bootcamp/internal/model/flat.go:27.36,29.3 1 0
avito-backend-bootcamp/internal/model/flat.go:30.2,31.12 2 0
avito-backend-bootcamp/internal/model/flat.go:34.40,35.31 1 0
avito-backend-bootcamp/internal/model/flat.go:35.31,37.3 1 0
avito-backend-bootcamp/internal/model/flat.go:38.2,39.12 2 0
avito-backend-bootcamp/pkg/utils/response/error.go:7.40,11.2 1 0
avito-backend-bootcamp/pkg/utils/sl/error.go:7.31,12.2 1 0
avito-backend-bootcamp/internal/model/enum.go:20.54,23.13 2 0
avito-backend-bootcamp/internal/model/enum.go:24.29,25.21 1 0
avito-backend-bootcamp/internal/model/enum.go:26.30,27.22 1 0
avito-backend-bootcamp/internal/model/enum.go:28.30,29.22 1 0
avito-backend-bootcamp/internal/model/enum.go:30.34,31.26 1 0
avito-backend-bootcamp/internal/model/enum.go:32.10,33.67 1 0
avito-backend-bootcamp/internal/model/enum.go:36.2,36.16 1 0
avito-backend-bootcamp/internal/model/enum.go:39.53,41.9 2 0
avito-backend-bootcamp/internal/model/enum.go:41.9,43.3 1 0
avito-backend-bootcamp/internal/model/enum.go:45.2,46.16 2 0
avito-backend-bootcamp/internal/model/enum.go:46.16,48.3 1 0
avito-backend-bootcamp/internal/model/enum.go:50.2,51.12 2 0
avito-backend-bootcamp/internal/model/enum.go:54.52,56.2 1 0
avito-backend-bootcamp/internal/model/enum.go:67.45,69.16 2 0
avito-backend-bootcamp/internal/model/enum.go:69.16,70.13 1 0
avito-backend-bootcamp/internal/model/enum.go:72.2,72.15 1 0
avito-backend-bootcamp/internal/model/enum.go:75.50,78.13 2 0
avito-backend-bootcamp/internal/model/enum.go:79.25,80.17 1 0
avito-backend-bootcamp/internal/model/enum.go:81.22,82.14 1 0
avito-backend-bootcamp/internal/model/enum.go:83.10,84.67 1 0
avito-backend-bootcamp/internal/model/enum.go:87.2,87.16 1 0
avito-backend-bootcamp/internal/model/enum.go:90.51,92.9 2 0
avito-backend-bootcamp/internal/model/enum.go:92.9,94.3 1 0
avito-backend-bootcamp/internal/model/enum.go:96.2,97.16 2 0
avito-backend-bootcamp/internal/model/enum.go:97.16,99.3 1 0
avito-backend-bootcamp/internal/model/enum.go:101.2,102.12 2 0
avito-backend-bootcamp/internal/model/enum.go:105.50,107.2 1 0
avito-backend-bootcamp/internal/model/enum.go:117.52,120.13 2 0
avito-backend-bootcamp/internal/model/enum.go:121.28,122.20 1 0
avito-backend-bootcamp/internal/model/enum.go:123.10,124.67 1 0
avito-backend-bootcamp/internal/model/enum.go:127.2,127.16 1 0
avito-backend-bootcamp/internal/model/enum.go:130.52,132.9 2 0
avito-backend-bootcamp/internal/model/enum.go:132.9,134.3 1 0
avito-backend-bootcamp/internal/model/enum.go:136.2,137.16 2 0
avito-backend-bootcamp/internal/model/enum.go:137.16,139.3 1 0
avito-backend-bootcamp/internal/model/enum.go:141.2,142.12 2 0
avito-backend-bootcamp/internal/model/enum.go:145.51,147.2 1 0
avito-backend-bootcamp/internal/model/flat.go:18.32,19.36 1 0
avito-backend-bootcamp/internal/model/flat.go:19.36,21.3 1 0
avito-backend-bootcamp/internal/model/flat.go:22.2,23.12 2 0
avito-backend-bootcamp/internal/model/flat.go:26.32,27.36 1 0
avito-backend-bootcamp/internal/model/flat.go:27.36,29.3 1 0
avito-backend-bootcamp/internal/model/flat.go:30.2,31.12 2 0
avito-backend-bootcamp/internal/model/flat.go:34.40,35.31 1 0
avito-backend-bootcamp/internal/model/flat.go:35.31,37.3 1 0
avito-backend-bootcamp/internal/model/flat.go:38.2,39.12 2 0
avito-backend-bootcamp/internal/service/house/service.go:15.69,20.2 1 0
avito-backend-bootcamp/internal/service/house/service.go:22.113,33.16 4 0
avito-backend-bootcamp/internal/service/house/service.go:33.16,36.3 2 0
avito-backend-bootcamp/internal/service/house/service.go:38.2,38.19 1 0
avito-backend-bootcamp/pkg/utils/sl/error.go:7.31,12.2 1 0
avito-backend-bootcamp/internal/model/enum.go:20.54,23.13 2 0
avito-backend-bootcamp/internal/model/enum.go:24.29,25.21 1 0
avito-backend-bootcamp/internal/model/enum.go:26.30,27.22 1 0
avito-backend-bootcamp/internal/model/enum.go:28.30,29.22 1 0
avito-backend-bootcamp/internal/model/enum.go:30.34,31.26 1 0
avito-backend-bootcamp/internal/model/enum.go:32.10,33.67 1 0
avito-backend-bootcamp/internal/model/enum.go:36.2,36.16 1 0
avito-backend-bootcamp/internal/model/enum.go:39.53,41.9 2 0
avito-backend-bootcamp/internal/model/enum.go:41.9,43.3 1 0
avito-backend-bootcamp/internal/model/enum.go:45.2,46.16 2 0
avito-backend-bootcamp/internal/model/enum.go:46.16,48.3 1 0
avito-backend-bootcamp/internal/model/enum.go:50.2,51.12 2 0
avito-backend-bootcamp/internal/model/enum.go:54.52,56.2 1 0
avito-backend-bootcamp/internal/model/enum.go:67.45,69.16 2 0
avito-backend-bootcamp/internal/model/enum.go:69.16,70.13 1 0
avito-backend-bootcamp/internal/model/enum.go:72.2,72.15 1 0
avito-backend-bootcamp/internal/model/enum.go:75.50,78.13 2 0
avito-backend-bootcamp/internal/model/enum.go:79.25,80.17 1 0
avito-backend-bootcamp/internal/model/enum.go:81.22,82.14 1 0
avito-backend-bootcamp/internal/model/enum.go:83.10,84.67 1 0
avito-backend-bootcamp/internal/model/enum.go:87.2,87.16 1 0
avito-backend-bootcamp/internal/model/enum.go:90.51,92.9 2 0
avito-backend-bootcamp/internal/model/enum.go:92.9,94.3 1 0
avito-backend-bootcamp/internal/model/enum.go:96.2,97.16 2 0
avito-backend-bootcamp/internal/model/enum.go:97.16,99.3 1 0
avito-backend-bootcamp/internal/model/enum.go:101.2,102.12 2 0
avito-backend-bootcamp/internal/model/enum.go:105.50,107.2 1 0
avito-backend-bootcamp/internal/model/enum.go:117.52,120.13 2 0
avito-backend-bootcamp/internal/model/enum.go:121.28,122.20 1 0
avito-backend-bootcamp/internal/model/enum.go:123.10,124.67 1 0
avito-backend-bootcamp/internal/model/enum.go:127.2,127.16 1 0
avito-backend-bootcamp/internal/model/enum.go:130.52,132.9 2 0
avito-backend-bootcamp/internal/model/enum.go:132.9,134.3 1 0
avito-backend-bootcamp/internal/model/enum.go:136.2,137.16 2 0
avito-backend-bootcamp/internal/model/enum.go:137.16,139.3 1 0
avito-backend-bootcamp/internal/model/enum.go:141.2,142.12 2 0
avito-backend-bootcamp/internal/model/enum.go:145.51,147.2 1 0
avito-backend-bootcamp/internal/model/flat.go:18.32,19.36 1 0
avito-backend-bootcamp/internal/model/flat.go:19.36,21.3 1 0
avito-backend-bootcamp/internal/model/flat.go:22.2,23.12 2 0
avito-backend-bootcamp/internal/model/flat.go:26.32,27.36 1 0
avito-backend-bootcamp/internal/model/flat.go:27.36,29.3 1 0
avito-backend-bootcamp/internal/model/flat.go:30.2,31.12 2 0
avito-backend-bootcamp/internal/model/flat.go:34.40,35.31 1 0
avito-backend-bootcamp/internal/model/flat.go:35.31,37.3 1 0
avito-backend-bootcamp/internal/model/flat.go:38.2,39.12 2 0
avito-backend-bootcamp/internal/service/flat/service.go:28.12,36.2 1 0
avito-backend-bootcamp/internal/service/flat/service.go:38.101,49.16 4 0
avito-backend-bootcamp/internal/service/flat/service.go:49.16,52.3 2 0
avito-backend-bootcamp/internal/service/flat/service.go:54.2,54.18 1 0
avito-backend-bootcamp/internal/service/flat/service.go:57.116,66.16 4 0
avito-backend-bootcamp/internal/service/flat/service.go:66.16,69.3 2 0
avito-backend-bootcamp/internal/service/flat/service.go:71.2,71.16 1 0
avito-backend-bootcamp/internal/service/flat/service.go:72.28,73.23 1 0
avito-backend-bootcamp/internal/service/flat/service.go:74.28,75.23 1 0
avito-backend-bootcamp/internal/service/flat/service.go:76.32,77.31 1 0
avito-backend-bootcamp/internal/service/flat/service.go:78.10,79.44 1 0
avito-backend-bootcamp/internal/service/flat/service.go:81.2,81.16 1 0
avito-backend-bootcamp/internal/service/flat/service.go:81.16,84.3 2 0
avito-backend-bootcamp/internal/service/flat/service.go:86.2,86.54 1 0
avito-backend-bootcamp/internal/service/flat/service.go:86.54,88.17 2 0
avito-backend-bootcamp/internal/service/flat/service.go:88.17,91.4 2 0
avito-backend-bootcamp/internal/service/flat/service.go:93.3,93.42 1 0
avito-backend-bootcamp/internal/service/flat/service.go:93.42,104.18 4 0
avito-backend-bootcamp/internal/service/flat/service.go:104.18,107.5 2 0
avito-backend-bootcamp/internal/service/flat/service.go:110.3,110.13 1 0
avito-backend-bootcamp/internal/service/flat/service.go:113.2,113.18 1 0
avito-backend-bootcamp/internal/service/flat/service.go:118.137,127.18 3 0
avito-backend-bootcamp/internal/service/flat/service.go:128.23,129.51 1 0
avito-backend-bootcamp/internal/service/flat/service.go:130.20,131.52 1 0
avito-backend-bootcamp/internal/service/flat/service.go:134.2,134.16 1 0
avito-backend-bootcamp/internal/service/flat/service.go:134.16,137.3 2 0
avito-backend-bootcamp/internal/service/flat/service.go:139.2,139.22 1 0
avito-backend-bootcamp/internal/service/flat/service.go:142.96,151.8 4 0
avito-backend-bootcamp/internal/service/flat/service.go:151.8,154.17 3 0
avito-backend-bootcamp/internal/service/flat/service.go:154.17,157.4 2 0
avito-backend-bootcamp/internal/service/flat/service.go:157.9,159.4 1 0
avito-backend-bootcamp/internal/service/flat/service.go:163.2,164.16 2 0
avito-backend-bootcamp/internal/service/flat/service.go:164.16,167.3 2 0
avito-backend-bootcamp/internal/service/flat/service.go:170.2,171.32 2 0
avito-backend-bootcamp/internal/service/flat/service.go:171.32,172.42 1 0
avito-backend-bootcamp/internal/service/flat/service.go:172.42,174.4 1 0
avito-backend-bootcamp/internal/service/flat/service.go:178.2,179.16 2 0
avito-backend-bootcamp/internal/service/flat/service.go:179.16,181.3 1 0
avito-backend-bootcamp/internal/service/flat/service.go:181.8,183.3 1 0
avito-backend-bootcamp/internal/service/flat/service.go:185.2,185.28 1 0
avito-backend-bootcamp/internal/service/flat/service.go:188.95,190.2 1 0
avito-backend-bootcamp/pkg/utils/sl/error.go:7.31,12.2 1 0
